0 info it worked if it ends with ok
1 verbose cli [ '/usr/local/bin/node',
1 verbose cli   '/usr/local/bin/npm',
1 verbose cli   'install',
1 verbose cli   'ngCordovaOauth' ]
2 info using npm@2.9.1
3 info using node@v0.12.3
4 verbose install initial load of /vagrant/beerTynder/package.json
5 warn package.json beertynder@1.0.0 No repository field.
6 verbose readDependencies loading dependencies from /vagrant/beerTynder/package.json
7 silly cache add args [ 'ngCordovaOauth', null ]
8 verbose cache add spec ngCordovaOauth
9 silly cache add parsed spec { raw: 'ngCordovaOauth',
9 silly cache add   scope: null,
9 silly cache add   name: 'ngCordovaOauth',
9 silly cache add   rawSpec: '',
9 silly cache add   spec: '*',
9 silly cache add   type: 'range' }
10 silly addNamed ngCordovaOauth@*
11 verbose addNamed "*" is a valid semver range for ngCordovaOauth
12 silly addNameRange { name: 'ngCordovaOauth', range: '*', hasData: false }
13 silly mapToRegistry name ngCordovaOauth
14 silly mapToRegistry using default registry
15 silly mapToRegistry registry https://registry.npmjs.org/
16 silly mapToRegistry uri https://registry.npmjs.org/ngCordovaOauth
17 verbose addNameRange registry:https://registry.npmjs.org/ngCordovaOauth not in flight; fetching
18 verbose request uri https://registry.npmjs.org/ngCordovaOauth
19 verbose request no auth needed
20 info attempt registry request try #1 at 14:06:35
21 verbose request id ca9a322eb9c9a40c
22 http request GET https://registry.npmjs.org/ngCordovaOauth
23 http 404 https://registry.npmjs.org/ngCordovaOauth
24 verbose headers { 'content-type': 'application/json',
24 verbose headers   'cache-control': 'max-age=0',
24 verbose headers   'content-length': '2',
24 verbose headers   'accept-ranges': 'bytes',
24 verbose headers   date: 'Sun, 06 Sep 2015 19:06:35 GMT',
24 verbose headers   via: '1.1 varnish',
24 verbose headers   age: '0',
24 verbose headers   connection: 'keep-alive',
24 verbose headers   'x-served-by': 'cache-atl6222-ATL',
24 verbose headers   'x-cache': 'MISS',
24 verbose headers   'x-cache-hits': '0',
24 verbose headers   'x-timer': 'S1441566395.850940,VS0,VE89' }
25 silly get cb [ 404,
25 silly get   { 'content-type': 'application/json',
25 silly get     'cache-control': 'max-age=0',
25 silly get     'content-length': '2',
25 silly get     'accept-ranges': 'bytes',
25 silly get     date: 'Sun, 06 Sep 2015 19:06:35 GMT',
25 silly get     via: '1.1 varnish',
25 silly get     age: '0',
25 silly get     connection: 'keep-alive',
25 silly get     'x-served-by': 'cache-atl6222-ATL',
25 silly get     'x-cache': 'MISS',
25 silly get     'x-cache-hits': '0',
25 silly get     'x-timer': 'S1441566395.850940,VS0,VE89' } ]
26 verbose stack Error: Registry returned 404 for GET on https://registry.npmjs.org/ngCordovaOauth
26 verbose stack     at CachingRegistryClient.<anonymous> (/usr/local/lib/node_modules/npm/node_modules/npm-registry-client/lib/request.js:239:14)
26 verbose stack     at Request._callback (/usr/local/lib/node_modules/npm/node_modules/npm-registry-client/lib/request.js:170:14)
26 verbose stack     at Request.self.callback (/usr/local/lib/node_modules/npm/node_modules/request/request.js:368:22)
26 verbose stack     at Request.emit (events.js:110:17)
26 verbose stack     at Request.<anonymous> (/usr/local/lib/node_modules/npm/node_modules/request/request.js:1219:14)
26 verbose stack     at Request.emit (events.js:129:20)
26 verbose stack     at IncomingMessage.<anonymous> (/usr/local/lib/node_modules/npm/node_modules/request/request.js:1167:12)
26 verbose stack     at IncomingMessage.emit (events.js:129:20)
26 verbose stack     at _stream_readable.js:908:16
26 verbose stack     at process._tickCallback (node.js:355:11)
27 verbose statusCode 404
28 verbose pkgid ngCordovaOauth
29 verbose cwd /vagrant/beerTynder
30 error Linux 3.16.0-30-generic
31 error argv "/usr/local/bin/node" "/usr/local/bin/npm" "install" "ngCordovaOauth"
32 error node v0.12.3
33 error npm  v2.9.1
34 error code E404
35 error 404 Registry returned 404 for GET on https://registry.npmjs.org/ngCordovaOauth
35 error 404
35 error 404 'ngCordovaOauth' is not in the npm registry.
35 error 404 You should bug the author to publish it (or use the name yourself!)
35 error 404 It was specified as a dependency of 'beertynder'
35 error 404
35 error 404 Note that you can also install from a
35 error 404 tarball, folder, http url, or git url.
36 verbose exit [ 1, true ]
